-------------------------------------------------------------------------------
Test set: com.shopme.ShopmeFrontendApplicationTests
-------------------------------------------------------------------------------
Tests run: 1, Failures: 0, Errors: 1, Skipped: 0, Time elapsed: 0.408 s <<< FAILURE! - in com.shopme.ShopmeFrontendApplicationTests
com.shopme.ShopmeFrontendApplicationTests  Time elapsed: 0.406 s  <<< ERROR!
java.lang.IllegalStateException: Unable to find a @SpringBootConfiguration, you need to use @ContextConfiguration or @SpringBootTest(classes=...) with your test

